2025-06-05 16:17:19,183 ************************** Test Execution Started ************************************ 
2025-06-05 16:17:27,416 Facebook login test : Test Skipped 
2025-06-05 16:17:27,567 Google search test : Test Skipped 
2025-06-05 16:17:27,924 Total number of testcases : 2 
2025-06-05 16:17:27,924 Number of testcases Passed : 0 
2025-06-05 16:17:27,924 Number of testcases Failed : 0 
2025-06-05 16:17:27,924 Number of testcases Skipped  : 2 
2025-06-05 16:17:27,925 Mail sending toggel is set to false 
2025-06-05 16:17:27,925 Mail sent : false 
2025-06-05 16:17:27,925 ************************** Test Execution Finished ************************************ 
2025-06-05 16:32:42,040 ************************** Test Execution Started ************************************ 
2025-06-05 16:32:42,082 Google search test : Test Skipped 
2025-06-05 16:32:42,082 Facebook login test : Test Skipped 
2025-06-05 16:32:42,484 Total number of testcases : 2 
2025-06-05 16:32:42,484 Number of testcases Passed : 0 
2025-06-05 16:32:42,484 Number of testcases Failed : 0 
2025-06-05 16:32:42,484 Number of testcases Skipped  : 2 
2025-06-05 16:32:42,485 Mail sending toggel is set to false 
2025-06-05 16:32:42,485 Mail sent : false 
2025-06-05 16:32:42,485 ************************** Test Execution Finished ************************************ 
2025-06-05 16:33:45,289 ************************** Test Execution Started ************************************ 
2025-06-05 16:33:50,326 Facebook login test: Test started 
2025-06-05 16:33:50,327 Google search test: Test started 
2025-06-05 16:33:54,858 Google search test : Test Failed : Title doesn't contain abc : Test Failed expected [true] but found [false] 
2025-06-05 16:34:03,517 Facebook login test : Test Failed : Login failed : Test failed expected [true] but found [false] 
2025-06-05 16:34:04,034 Total number of testcases : 2 
2025-06-05 16:34:04,034 Number of testcases Passed : 0 
2025-06-05 16:34:04,034 Number of testcases Failed : 2 
2025-06-05 16:34:04,034 Number of testcases Skipped  : 0 
2025-06-05 16:34:04,034 Mail sending toggel is set to false 
2025-06-05 16:34:04,034 Mail sent : false 
2025-06-05 16:34:04,034 ************************** Test Execution Finished ************************************ 
2025-06-05 18:45:56,519 ************************** Test Execution Started ************************************ 
2025-06-05 18:46:00,179 Deel_Salary_Insight: Test started 
2025-06-05 18:46:06,885 Deel_Salary_Insight : Test Passed 
2025-06-05 18:46:07,748 Total number of testcases : 1 
2025-06-05 18:46:07,748 Number of testcases Passed : 1 
2025-06-05 18:46:07,748 Number of testcases Failed : 0 
2025-06-05 18:46:07,748 Number of testcases Skipped  : 0 
2025-06-05 18:46:07,748 Mail sending toggel is set to false 
2025-06-05 18:46:07,748 Mail sent : false 
2025-06-05 18:46:07,748 ************************** Test Execution Finished ************************************ 
2025-06-05 19:09:05,531 ************************** Test Execution Started ************************************ 
2025-06-05 19:09:07,400 Deel_Salary_Insight: Test started 
2025-06-05 19:09:28,382 Deel_Salary_Insight : Test Passed 
2025-06-05 19:09:28,389 Deel_Salary_Insight : Test Failed : Session ID is null. Using WebDriver after calling quit()?
Build info: version: '3.141.59', revision: 'e82be7d358', time: '2018-11-14T08:17:03'
System info: host: 'DESKTOP-GVDQQI5', ip: '192.168.0.112', os.name: 'Windows 11', os.arch: 'amd64', os.version: '10.0', java.version: '11.0.22'
Driver info: driver.version: RemoteWebDriver 
2025-06-05 19:09:28,701 Total number of testcases : 1 
2025-06-05 19:09:28,701 Number of testcases Passed : 0 
2025-06-05 19:09:28,701 Number of testcases Failed : 0 
2025-06-05 19:09:28,701 Number of testcases Skipped  : 0 
2025-06-05 19:09:28,701 Mail sending toggel is set to false 
2025-06-05 19:09:28,701 Mail sent : false 
2025-06-05 19:09:28,701 ************************** Test Execution Finished ************************************ 
2025-06-05 19:41:32,823 ************************** Test Execution Started ************************************ 
2025-06-05 19:41:34,769 Deel_Salary_Insight: Test started 
2025-06-05 19:42:22,191 ************************** Test Execution Started ************************************ 
2025-06-05 19:42:23,650 Deel_Salary_Insight: Test started 
2025-06-05 19:42:48,757 Deel_Salary_Insight : Test Passed 
2025-06-05 19:42:48,759 Deel_Salary_Insight : Test Failed : Session ID is null. Using WebDriver after calling quit()?
Build info: version: '3.141.59', revision: 'e82be7d358', time: '2018-11-14T08:17:03'
System info: host: 'DESKTOP-GVDQQI5', ip: '192.168.0.112', os.name: 'Windows 11', os.arch: 'amd64', os.version: '10.0', java.version: '11.0.22'
Driver info: driver.version: RemoteWebDriver 
2025-06-05 19:42:49,038 Total number of testcases : 1 
2025-06-05 19:42:49,038 Number of testcases Passed : 0 
2025-06-05 19:42:49,038 Number of testcases Failed : 0 
2025-06-05 19:42:49,038 Number of testcases Skipped  : 0 
2025-06-05 19:42:49,038 Mail sending toggel is set to false 
2025-06-05 19:42:49,038 Mail sent : false 
2025-06-05 19:42:49,038 ************************** Test Execution Finished ************************************ 
2025-06-05 19:48:44,726 ************************** Test Execution Started ************************************ 
2025-06-05 19:48:47,046 Deel_Salary_Insight: Test started 
2025-06-05 19:49:22,811 Deel_Salary_Insight : Test Passed 
2025-06-05 19:49:22,811 Deel_Salary_Insight : Test Failed : Session ID is null. Using WebDriver after calling quit()?
Build info: version: '3.141.59', revision: 'e82be7d358', time: '2018-11-14T08:17:03'
System info: host: 'DESKTOP-GVDQQI5', ip: '192.168.0.112', os.name: 'Windows 11', os.arch: 'amd64', os.version: '10.0', java.version: '11.0.22'
Driver info: driver.version: RemoteWebDriver 
2025-06-05 19:49:23,086 Total number of testcases : 1 
2025-06-05 19:49:23,086 Number of testcases Passed : 0 
2025-06-05 19:49:23,086 Number of testcases Failed : 0 
2025-06-05 19:49:23,086 Number of testcases Skipped  : 0 
2025-06-05 19:49:23,086 Mail sending toggel is set to false 
2025-06-05 19:49:23,086 Mail sent : false 
2025-06-05 19:49:23,086 ************************** Test Execution Finished ************************************ 
2025-06-05 20:01:49,301 ************************** Test Execution Started ************************************ 
2025-06-05 20:01:49,322 testAccountantInBrazil : Test Skipped 
2025-06-05 20:01:49,325 testRole2InCountry2 : Test Skipped 
2025-06-05 20:01:49,326 testRole3InCountry3 : Test Skipped 
2025-06-05 20:01:49,593 Total number of testcases : 3 
2025-06-05 20:01:49,593 Number of testcases Passed : 0 
2025-06-05 20:01:49,593 Number of testcases Failed : 0 
2025-06-05 20:01:49,593 Number of testcases Skipped  : 3 
2025-06-05 20:01:49,594 Mail sending toggel is set to false 
2025-06-05 20:01:49,594 Mail sent : false 
2025-06-05 20:01:49,594 ************************** Test Execution Finished ************************************ 
2025-06-05 20:02:34,729 ************************** Test Execution Started ************************************ 
2025-06-05 20:02:34,764 testAccountantInBrazil : Test Skipped 
2025-06-05 20:02:34,768 testRole2InCountry2 : Test Skipped 
2025-06-05 20:02:34,770 testRole3InCountry3 : Test Skipped 
2025-06-05 20:02:35,044 Total number of testcases : 3 
2025-06-05 20:02:35,044 Number of testcases Passed : 0 
2025-06-05 20:02:35,044 Number of testcases Failed : 0 
2025-06-05 20:02:35,044 Number of testcases Skipped  : 3 
2025-06-05 20:02:35,045 Mail sending toggel is set to false 
2025-06-05 20:02:35,045 Mail sent : false 
2025-06-05 20:02:35,045 ************************** Test Execution Finished ************************************ 
2025-06-05 20:03:22,610 ************************** Test Execution Started ************************************ 
2025-06-05 20:03:22,644 testAccountantInBrazil : Test Skipped 
2025-06-05 20:03:22,648 testRole2InCountry2 : Test Skipped 
2025-06-05 20:03:22,650 testRole3InCountry3 : Test Skipped 
2025-06-05 20:03:22,917 Total number of testcases : 3 
2025-06-05 20:03:22,918 Number of testcases Passed : 0 
2025-06-05 20:03:22,918 Number of testcases Failed : 0 
2025-06-05 20:03:22,918 Number of testcases Skipped  : 3 
2025-06-05 20:03:22,918 Mail sending toggel is set to false 
2025-06-05 20:03:22,918 Mail sent : false 
2025-06-05 20:03:22,918 ************************** Test Execution Finished ************************************ 
2025-06-05 20:04:02,356 ************************** Test Execution Started ************************************ 
2025-06-05 20:04:02,390 testAccountantInBrazil : Test Skipped 
2025-06-05 20:04:02,394 testRole2InCountry2 : Test Skipped 
2025-06-05 20:04:02,396 testRole3InCountry3 : Test Skipped 
2025-06-05 20:04:02,667 Total number of testcases : 3 
2025-06-05 20:04:02,667 Number of testcases Passed : 0 
2025-06-05 20:04:02,667 Number of testcases Failed : 0 
2025-06-05 20:04:02,667 Number of testcases Skipped  : 3 
2025-06-05 20:04:02,668 Mail sending toggel is set to false 
2025-06-05 20:04:02,668 Mail sent : false 
2025-06-05 20:04:02,668 ************************** Test Execution Finished ************************************ 
2025-06-05 20:05:00,033 ************************** Test Execution Started ************************************ 
2025-06-05 20:05:00,066 testAccountantInBrazil : Test Skipped 
2025-06-05 20:05:00,071 testRole2InCountry2 : Test Skipped 
2025-06-05 20:05:00,073 testRole3InCountry3 : Test Skipped 
2025-06-05 20:05:00,343 Total number of testcases : 3 
2025-06-05 20:05:00,343 Number of testcases Passed : 0 
2025-06-05 20:05:00,343 Number of testcases Failed : 0 
2025-06-05 20:05:00,343 Number of testcases Skipped  : 3 
2025-06-05 20:05:00,343 Mail sending toggel is set to false 
2025-06-05 20:05:00,343 Mail sent : false 
2025-06-05 20:05:00,343 ************************** Test Execution Finished ************************************ 
2025-06-05 20:05:36,701 ************************** Test Execution Started ************************************ 
2025-06-05 20:05:36,737 testAccountantInBrazil : Test Skipped 
2025-06-05 20:05:36,741 testRole2InCountry2 : Test Skipped 
2025-06-05 20:05:36,743 testRole3InCountry3 : Test Skipped 
2025-06-05 20:05:37,027 Total number of testcases : 3 
2025-06-05 20:05:37,027 Number of testcases Passed : 0 
2025-06-05 20:05:37,027 Number of testcases Failed : 0 
2025-06-05 20:05:37,027 Number of testcases Skipped  : 3 
2025-06-05 20:05:37,028 Mail sending toggel is set to false 
2025-06-05 20:05:37,028 Mail sent : false 
2025-06-05 20:05:37,028 ************************** Test Execution Finished ************************************ 
2025-06-05 20:09:57,020 ************************** Test Execution Started ************************************ 
2025-06-05 20:09:57,125 testAccountantInBrazil : Test Skipped 
2025-06-05 20:09:57,129 testRole2InCountry2 : Test Skipped 
2025-06-05 20:09:57,132 testRole3InCountry3 : Test Skipped 
2025-06-05 20:09:57,397 Total number of testcases : 3 
2025-06-05 20:09:57,397 Number of testcases Passed : 0 
2025-06-05 20:09:57,397 Number of testcases Failed : 0 
2025-06-05 20:09:57,397 Number of testcases Skipped  : 3 
2025-06-05 20:09:57,398 Mail sending toggel is set to false 
2025-06-05 20:09:57,398 Mail sent : false 
2025-06-05 20:09:57,398 ************************** Test Execution Finished ************************************ 
2025-06-05 20:30:42,030 ************************** Test Execution Started ************************************ 
2025-06-05 20:30:45,931 testAccountantInBrazil: Test started 
2025-06-05 20:30:46,069 testAccountantInBrazil : Test Failed : null 
2025-06-05 20:30:46,073 testRole2InCountry2: Test started 
2025-06-05 20:30:46,225 testRole2InCountry2 : Test Failed : null 
2025-06-05 20:30:46,228 testRole3InCountry3: Test started 
2025-06-05 20:30:46,386 testRole3InCountry3 : Test Failed : null 
2025-06-05 20:30:46,893 Total number of testcases : 3 
2025-06-05 20:30:46,893 Number of testcases Passed : 0 
2025-06-05 20:30:46,893 Number of testcases Failed : 3 
2025-06-05 20:30:46,893 Number of testcases Skipped  : 0 
2025-06-05 20:30:46,893 Mail sending toggel is set to false 
2025-06-05 20:30:46,893 Mail sent : false 
2025-06-05 20:30:46,893 ************************** Test Execution Finished ************************************ 
2025-06-05 20:31:13,551 ************************** Test Execution Started ************************************ 
2025-06-05 20:31:15,265 testAccountantInBrazil: Test started 
2025-06-05 20:31:16,929 testAccountantInBrazil : Test Failed : null 
2025-06-05 20:31:16,932 testRole2InCountry2: Test started 
2025-06-05 20:31:17,105 testRole2InCountry2 : Test Failed : null 
2025-06-05 20:31:17,107 testRole3InCountry3: Test started 
2025-06-05 20:31:17,239 testRole3InCountry3 : Test Failed : null 
2025-06-05 20:31:17,673 Total number of testcases : 3 
2025-06-05 20:31:17,673 Number of testcases Passed : 0 
2025-06-05 20:31:17,673 Number of testcases Failed : 3 
2025-06-05 20:31:17,673 Number of testcases Skipped  : 0 
2025-06-05 20:31:17,673 Mail sending toggel is set to false 
2025-06-05 20:31:17,673 Mail sent : false 
2025-06-05 20:31:17,673 ************************** Test Execution Finished ************************************ 
2025-06-05 20:35:35,084 ************************** Test Execution Started ************************************ 
2025-06-05 20:35:39,299 testAccountantInBrazil: Test started 
2025-06-05 20:35:39,451 testAccountantInBrazil : Test Failed : null 
2025-06-05 20:35:39,453 testRole2InCountry2: Test started 
2025-06-05 20:35:39,615 testRole2InCountry2 : Test Failed : null 
2025-06-05 20:35:39,617 testRole3InCountry3: Test started 
2025-06-05 20:35:39,738 testRole3InCountry3 : Test Failed : null 
2025-06-05 20:35:40,166 Total number of testcases : 3 
2025-06-05 20:35:40,166 Number of testcases Passed : 0 
2025-06-05 20:35:40,166 Number of testcases Failed : 3 
2025-06-05 20:35:40,166 Number of testcases Skipped  : 0 
2025-06-05 20:35:40,167 Mail sending toggel is set to false 
2025-06-05 20:35:40,167 Mail sent : false 
2025-06-05 20:35:40,167 ************************** Test Execution Finished ************************************ 
2025-06-05 20:41:10,169 ************************** Test Execution Started ************************************ 
2025-06-05 20:41:13,495 testAccountantInBrazil: Test started 
2025-06-05 20:41:13,658 testAccountantInBrazil : Test Failed : null 
2025-06-05 20:41:13,660 testRole2InCountry2: Test started 
2025-06-05 20:41:13,807 testRole2InCountry2 : Test Failed : null 
2025-06-05 20:41:13,809 testRole3InCountry3: Test started 
2025-06-05 20:41:13,961 testRole3InCountry3 : Test Failed : null 
2025-06-05 20:41:14,433 Total number of testcases : 3 
2025-06-05 20:41:14,433 Number of testcases Passed : 0 
2025-06-05 20:41:14,433 Number of testcases Failed : 3 
2025-06-05 20:41:14,433 Number of testcases Skipped  : 0 
2025-06-05 20:41:14,433 Mail sending toggel is set to false 
2025-06-05 20:41:14,434 Mail sent : false 
2025-06-05 20:41:14,434 ************************** Test Execution Finished ************************************ 
2025-06-05 21:25:13,662 ************************** Test Execution Started ************************************ 
2025-06-05 21:25:19,203 testAccountantInBrazil: Test started 
2025-06-05 21:25:19,364 testAccountantInBrazil : Test Failed : null 
2025-06-05 21:25:19,368 testRole2InCountry2: Test started 
2025-06-05 21:25:19,536 testRole2InCountry2 : Test Failed : null 
2025-06-05 21:25:19,539 testRole3InCountry3: Test started 
2025-06-05 21:25:19,671 testRole3InCountry3 : Test Failed : null 
2025-06-05 21:25:20,104 Total number of testcases : 3 
2025-06-05 21:25:20,104 Number of testcases Passed : 0 
2025-06-05 21:25:20,104 Number of testcases Failed : 3 
2025-06-05 21:25:20,104 Number of testcases Skipped  : 0 
2025-06-05 21:25:20,105 Mail sending toggel is set to false 
2025-06-05 21:25:20,105 Mail sent : false 
2025-06-05 21:25:20,105 ************************** Test Execution Finished ************************************ 
2025-06-05 21:30:00,235 ************************** Test Execution Started ************************************ 
2025-06-05 21:30:04,073 testAccountantInBrazil: Test started 
2025-06-05 21:30:04,340 testAccountantInBrazil : Test Failed : SalaryInsightPage is null expected object to not be null 
2025-06-05 21:30:04,345 testRole2InCountry2: Test started 
2025-06-05 21:30:04,511 testRole2InCountry2 : Test Failed : SalaryInsightPage is null expected object to not be null 
2025-06-05 21:30:04,515 testRole3InCountry3: Test started 
2025-06-05 21:30:04,696 testRole3InCountry3 : Test Failed : SalaryInsightPage is null expected object to not be null 
2025-06-05 21:30:05,216 Total number of testcases : 3 
2025-06-05 21:30:05,216 Number of testcases Passed : 0 
2025-06-05 21:30:05,216 Number of testcases Failed : 3 
2025-06-05 21:30:05,216 Number of testcases Skipped  : 0 
2025-06-05 21:30:05,217 Mail sending toggel is set to false 
2025-06-05 21:30:05,217 Mail sent : false 
2025-06-05 21:30:05,217 ************************** Test Execution Finished ************************************ 
2025-06-05 21:30:55,359 ************************** Test Execution Started ************************************ 
2025-06-05 21:30:58,809 testAccountantInBrazil: Test started 
2025-06-05 21:30:58,981 testAccountantInBrazil : Test Failed : null 
2025-06-05 21:30:58,985 testRole2InCountry2: Test started 
2025-06-05 21:30:59,113 testRole2InCountry2 : Test Failed : null 
2025-06-05 21:30:59,117 testRole3InCountry3: Test started 
2025-06-05 21:30:59,244 testRole3InCountry3 : Test Failed : null 
2025-06-05 21:30:59,760 Total number of testcases : 3 
2025-06-05 21:30:59,760 Number of testcases Passed : 0 
2025-06-05 21:30:59,760 Number of testcases Failed : 3 
2025-06-05 21:30:59,760 Number of testcases Skipped  : 0 
2025-06-05 21:30:59,761 Mail sending toggel is set to false 
2025-06-05 21:30:59,761 Mail sent : false 
2025-06-05 21:30:59,761 ************************** Test Execution Finished ************************************ 
2025-06-05 21:33:11,119 ************************** Test Execution Started ************************************ 
2025-06-05 21:33:14,470 testAccountantInBrazil: Test started 
2025-06-05 21:33:14,614 testAccountantInBrazil : Test Failed : null 
2025-06-05 21:33:14,617 testRole2InCountry2: Test started 
2025-06-05 21:33:14,779 testRole2InCountry2 : Test Failed : null 
2025-06-05 21:33:14,781 testRole3InCountry3: Test started 
2025-06-05 21:33:14,916 testRole3InCountry3 : Test Failed : null 
2025-06-05 21:33:15,344 Total number of testcases : 3 
2025-06-05 21:33:15,346 Number of testcases Passed : 0 
2025-06-05 21:33:15,346 Number of testcases Failed : 3 
2025-06-05 21:33:15,346 Number of testcases Skipped  : 0 
2025-06-05 21:33:15,346 Mail sending toggel is set to false 
2025-06-05 21:33:15,346 Mail sent : false 
2025-06-05 21:33:15,346 ************************** Test Execution Finished ************************************ 
2025-06-05 21:34:55,691 ************************** Test Execution Started ************************************ 
2025-06-05 21:34:59,310 testAccountantInBrazil: Test started 
2025-06-05 21:34:59,525 testAccountantInBrazil : Test Failed : null 
2025-06-05 21:34:59,529 testRole2InCountry2: Test started 
2025-06-05 21:34:59,671 testRole2InCountry2 : Test Failed : null 
2025-06-05 21:34:59,673 testRole3InCountry3: Test started 
2025-06-05 21:34:59,831 testRole3InCountry3 : Test Failed : null 
2025-06-05 21:35:00,236 Total number of testcases : 3 
2025-06-05 21:35:00,237 Number of testcases Passed : 0 
2025-06-05 21:35:00,237 Number of testcases Failed : 3 
2025-06-05 21:35:00,237 Number of testcases Skipped  : 0 
2025-06-05 21:35:00,237 Mail sending toggel is set to false 
2025-06-05 21:35:00,237 Mail sent : false 
2025-06-05 21:35:00,237 ************************** Test Execution Finished ************************************ 
2025-06-05 21:53:57,912 ************************** Test Execution Started ************************************ 
2025-06-05 21:54:01,627 testAccountantInBrazil: Test started 
2025-06-05 21:54:30,760 testAccountantInBrazil : Test Passed 
2025-06-05 21:54:30,764 testRole2InCountry2: Test started 
2025-06-05 21:55:11,347 testRole2InCountry2 : Test Failed : Element is not displayed with xpath By.xpath: .//button[@type='submit'] expected [true] but found [false] 
2025-06-05 21:55:11,350 testRole3InCountry3: Test started 
2025-06-05 21:55:34,851 testRole3InCountry3 : Test Failed : Element is not displayed with xpath By.xpath: .//*[@placeholder='Select a country'] expected [true] but found [false] 
2025-06-05 21:55:35,535 Total number of testcases : 3 
2025-06-05 21:55:35,535 Number of testcases Passed : 1 
2025-06-05 21:55:35,535 Number of testcases Failed : 2 
2025-06-05 21:55:35,535 Number of testcases Skipped  : 0 
2025-06-05 21:55:35,535 Mail sending toggel is set to false 
2025-06-05 21:55:35,535 Mail sent : false 
2025-06-05 21:55:35,535 ************************** Test Execution Finished ************************************ 
2025-06-05 21:57:43,472 ************************** Test Execution Started ************************************ 
2025-06-05 21:57:47,044 testAccountantInBrazil: Test started 
2025-06-05 21:58:16,259 testAccountantInBrazil : Test Passed 
2025-06-05 21:58:16,263 testRole2InCountry2: Test started 
2025-06-05 21:58:39,859 testRole2InCountry2 : Test Failed : Element is not displayed with xpath By.xpath: .//*[@placeholder='Select a country'] expected [true] but found [false] 
2025-06-05 21:58:39,862 testRole3InCountry3: Test started 
2025-06-05 21:59:03,243 testRole3InCountry3 : Test Failed : Element is not displayed with xpath By.xpath: .//*[@placeholder='Select a country'] expected [true] but found [false] 
2025-06-05 21:59:03,901 Total number of testcases : 3 
2025-06-05 21:59:03,901 Number of testcases Passed : 1 
2025-06-05 21:59:03,901 Number of testcases Failed : 2 
2025-06-05 21:59:03,901 Number of testcases Skipped  : 0 
2025-06-05 21:59:03,903 Mail sending toggel is set to false 
2025-06-05 21:59:03,903 Mail sent : false 
2025-06-05 21:59:03,903 ************************** Test Execution Finished ************************************ 
2025-06-05 21:59:49,546 ************************** Test Execution Started ************************************ 
2025-06-05 21:59:53,028 testAccountantInBrazil: Test started 
2025-06-05 22:00:28,329 testAccountantInBrazil : Test Passed 
2025-06-05 22:00:28,333 testRole2InCountry2: Test started 
2025-06-05 22:00:55,073 testRole2InCountry2 : Test Failed : Element is not displayed with xpath By.xpath: .//*[@placeholder='Select a country'] expected [true] but found [false] 
2025-06-05 22:00:55,079 testRole3InCountry3: Test started 
2025-06-05 22:01:21,373 testRole3InCountry3 : Test Failed : Element is not displayed with xpath By.xpath: .//*[@placeholder='Select a country'] expected [true] but found [false] 
2025-06-05 22:01:21,988 Total number of testcases : 3 
2025-06-05 22:01:21,988 Number of testcases Passed : 1 
2025-06-05 22:01:21,988 Number of testcases Failed : 2 
2025-06-05 22:01:21,988 Number of testcases Skipped  : 0 
2025-06-05 22:01:21,988 Mail sending toggel is set to false 
2025-06-05 22:01:21,988 Mail sent : false 
2025-06-05 22:01:21,988 ************************** Test Execution Finished ************************************ 
2025-06-05 22:36:36,680 ************************** Test Execution Started ************************************ 
2025-06-05 22:36:39,623 testAccountantInBrazil: Test started 
2025-06-05 22:37:16,934 testAccountantInBrazil : Test Passed 
2025-06-05 22:37:16,946 testRole2InCountry2: Test started 
2025-06-05 22:37:25,817 testRole2InCountry2 : Test Failed : stale element reference: stale element not found in the current frame
  (Session info: chrome=137.0.7151.69)
For documentation on this error, please visit: https://www.seleniumhq.org/exceptions/stale_element_reference.html
Build info: version: '3.141.59', revision: 'e82be7d358', time: '2018-11-14T08:17:03'
System info: host: 'DESKTOP-GVDQQI5', ip: '192.168.0.112', os.name: 'Windows 11', os.arch: 'amd64', os.version: '10.0', java.version: '11.0.22'
Driver info: org.openqa.selenium.chrome.ChromeDriver
Capabilities {acceptInsecureCerts: false, browserName: chrome, browserVersion: 137.0.7151.69, chrome: {chromedriverVersion: 137.0.7151.68 (2989ffee9373..., userDataDir: C:\Users\DELL\AppData\Local...}, fedcm:accounts: true, goog:chromeOptions: {debuggerAddress: localhost:60958}, javascriptEnabled: true, networkConnectionEnabled: false, pageLoadStrategy: normal, platform: WINDOWS, platformName: WINDOWS, proxy: Proxy(), setWindowRect: true, strictFileInteractability: false, timeouts: {implicit: 0, pageLoad: 300000, script: 30000}, unhandledPromptBehavior: dismiss and notify, webauthn:extension:credBlob: true, webauthn:extension:largeBlob: true, webauthn:extension:minPinLength: true, webauthn:extension:prf: true, webauthn:virtualAuthenticators: true}
Session ID: 6485257c2a47319f14f229d8ce9a5b65 
2025-06-05 22:37:25,821 testRole3InCountry3: Test started 
2025-06-05 22:37:47,817 testRole3InCountry3 : Test Failed : stale element reference: stale element not found in the current frame
  (Session info: chrome=137.0.7151.69)
For documentation on this error, please visit: https://www.seleniumhq.org/exceptions/stale_element_reference.html
Build info: version: '3.141.59', revision: 'e82be7d358', time: '2018-11-14T08:17:03'
System info: host: 'DESKTOP-GVDQQI5', ip: '192.168.0.112', os.name: 'Windows 11', os.arch: 'amd64', os.version: '10.0', java.version: '11.0.22'
Driver info: org.openqa.selenium.chrome.ChromeDriver
Capabilities {acceptInsecureCerts: false, browserName: chrome, browserVersion: 137.0.7151.69, chrome: {chromedriverVersion: 137.0.7151.68 (2989ffee9373..., userDataDir: C:\Users\DELL\AppData\Local...}, fedcm:accounts: true, goog:chromeOptions: {debuggerAddress: localhost:60958}, javascriptEnabled: true, networkConnectionEnabled: false, pageLoadStrategy: normal, platform: WINDOWS, platformName: WINDOWS, proxy: Proxy(), setWindowRect: true, strictFileInteractability: false, timeouts: {implicit: 0, pageLoad: 300000, script: 30000}, unhandledPromptBehavior: dismiss and notify, webauthn:extension:credBlob: true, webauthn:extension:largeBlob: true, webauthn:extension:minPinLength: true, webauthn:extension:prf: true, webauthn:virtualAuthenticators: true}
Session ID: 6485257c2a47319f14f229d8ce9a5b65 
2025-06-05 22:37:48,429 Total number of testcases : 3 
2025-06-05 22:37:48,430 Number of testcases Passed : 1 
2025-06-05 22:37:48,430 Number of testcases Failed : 2 
2025-06-05 22:37:48,430 Number of testcases Skipped  : 0 
2025-06-05 22:37:48,430 Mail sending toggel is set to false 
2025-06-05 22:37:48,430 Mail sent : false 
2025-06-05 22:37:48,430 ************************** Test Execution Finished ************************************ 
2025-06-05 23:01:29,033 ************************** Test Execution Started ************************************ 
2025-06-05 23:01:33,009 testAccountantInBrazil: Test started 
2025-06-05 23:02:08,567 testAccountantInBrazil : Test Passed 
2025-06-05 23:02:08,580 testRole2InCountry2: Test started 
2025-06-05 23:02:17,498 testRole2InCountry2 : Test Failed : stale element reference: stale element not found in the current frame
  (Session info: chrome=137.0.7151.69)
For documentation on this error, please visit: https://www.seleniumhq.org/exceptions/stale_element_reference.html
Build info: version: '3.141.59', revision: 'e82be7d358', time: '2018-11-14T08:17:03'
System info: host: 'DESKTOP-GVDQQI5', ip: '192.168.0.112', os.name: 'Windows 11', os.arch: 'amd64', os.version: '10.0', java.version: '11.0.22'
Driver info: org.openqa.selenium.chrome.ChromeDriver
Capabilities {acceptInsecureCerts: false, browserName: chrome, browserVersion: 137.0.7151.69, chrome: {chromedriverVersion: 137.0.7151.68 (2989ffee9373..., userDataDir: C:\Users\DELL\AppData\Local...}, fedcm:accounts: true, goog:chromeOptions: {debuggerAddress: localhost:61999}, javascriptEnabled: true, networkConnectionEnabled: false, pageLoadStrategy: normal, platform: WINDOWS, platformName: WINDOWS, proxy: Proxy(), setWindowRect: true, strictFileInteractability: false, timeouts: {implicit: 0, pageLoad: 300000, script: 30000}, unhandledPromptBehavior: dismiss and notify, webauthn:extension:credBlob: true, webauthn:extension:largeBlob: true, webauthn:extension:minPinLength: true, webauthn:extension:prf: true, webauthn:virtualAuthenticators: true}
Session ID: 3c5fc29e7326a0dfb628a82c1b47dcad 
2025-06-05 23:02:17,506 testRole3InCountry3: Test started 
2025-06-05 23:02:39,495 testRole3InCountry3 : Test Failed : stale element reference: stale element not found in the current frame
  (Session info: chrome=137.0.7151.69)
For documentation on this error, please visit: https://www.seleniumhq.org/exceptions/stale_element_reference.html
Build info: version: '3.141.59', revision: 'e82be7d358', time: '2018-11-14T08:17:03'
System info: host: 'DESKTOP-GVDQQI5', ip: '192.168.0.112', os.name: 'Windows 11', os.arch: 'amd64', os.version: '10.0', java.version: '11.0.22'
Driver info: org.openqa.selenium.chrome.ChromeDriver
Capabilities {acceptInsecureCerts: false, browserName: chrome, browserVersion: 137.0.7151.69, chrome: {chromedriverVersion: 137.0.7151.68 (2989ffee9373..., userDataDir: C:\Users\DELL\AppData\Local...}, fedcm:accounts: true, goog:chromeOptions: {debuggerAddress: localhost:61999}, javascriptEnabled: true, networkConnectionEnabled: false, pageLoadStrategy: normal, platform: WINDOWS, platformName: WINDOWS, proxy: Proxy(), setWindowRect: true, strictFileInteractability: false, timeouts: {implicit: 0, pageLoad: 300000, script: 30000}, unhandledPromptBehavior: dismiss and notify, webauthn:extension:credBlob: true, webauthn:extension:largeBlob: true, webauthn:extension:minPinLength: true, webauthn:extension:prf: true, webauthn:virtualAuthenticators: true}
Session ID: 3c5fc29e7326a0dfb628a82c1b47dcad 
2025-06-05 23:02:40,342 Total number of testcases : 3 
2025-06-05 23:02:40,342 Number of testcases Passed : 1 
2025-06-05 23:02:40,342 Number of testcases Failed : 2 
2025-06-05 23:02:40,342 Number of testcases Skipped  : 0 
2025-06-05 23:02:40,342 Mail sending toggel is set to false 
2025-06-05 23:02:40,342 Mail sent : false 
2025-06-05 23:02:40,342 ************************** Test Execution Finished ************************************ 
2025-06-05 23:12:55,427 ************************** Test Execution Started ************************************ 
2025-06-05 23:12:59,262 testAccountantInBrazil: Test started 
2025-06-05 23:13:38,029 testAccountantInBrazil : Test Passed 
2025-06-05 23:13:38,032 testRole2InCountry2: Test started 
2025-06-05 23:14:12,893 testRole2InCountry2 : Test Passed 
2025-06-05 23:14:12,899 testRole3InCountry3: Test started 
2025-06-05 23:14:47,735 testRole3InCountry3 : Test Passed 
2025-06-05 23:14:48,469 Total number of testcases : 3 
2025-06-05 23:14:48,469 Number of testcases Passed : 3 
2025-06-05 23:14:48,469 Number of testcases Failed : 0 
2025-06-05 23:14:48,469 Number of testcases Skipped  : 0 
2025-06-05 23:14:48,472 Mail sending toggel is set to false 
2025-06-05 23:14:48,472 Mail sent : false 
2025-06-05 23:14:48,472 ************************** Test Execution Finished ************************************ 
2025-06-05 23:55:52,136 ************************** Test Execution Started ************************************ 
2025-06-05 23:56:12,221 testAccountantInBrazil: Test started 
2025-06-05 23:56:48,094 testAccountantInBrazil : Test Passed 
2025-06-05 23:56:48,096 testEngineerInCanada: Test started 
2025-06-05 23:57:22,905 testEngineerInCanada : Test Passed 
2025-06-05 23:57:22,907 testSoftwareEngineerInJapan: Test started 
2025-06-05 23:57:57,951 testSoftwareEngineerInJapan : Test Passed 
2025-06-05 23:57:58,596 Total number of testcases : 3 
2025-06-05 23:57:58,600 Number of testcases Passed : 3 
2025-06-05 23:57:58,600 Number of testcases Failed : 0 
2025-06-05 23:57:58,600 Number of testcases Skipped  : 0 
2025-06-05 23:57:58,600 Mail sending toggel is set to false 
2025-06-05 23:57:58,600 Mail sent : false 
2025-06-05 23:57:58,600 ************************** Test Execution Finished ************************************ 
2025-06-06 00:10:23,137 ************************** Test Execution Started ************************************ 
2025-06-06 00:10:25,380 testAccountantInBrazil: Test started 
2025-06-06 00:11:03,247 testAccountantInBrazil : Test Passed 
2025-06-06 00:11:03,399 testEngineerInCanada: Test started 
2025-06-06 00:11:38,177 testEngineerInCanada : Test Passed 
2025-06-06 00:11:38,315 testSoftwareEngineerInJapan: Test started 
2025-06-06 00:12:13,260 testSoftwareEngineerInJapan : Test Passed 
2025-06-06 00:12:13,950 Total number of testcases : 3 
2025-06-06 00:12:13,950 Number of testcases Passed : 3 
2025-06-06 00:12:13,950 Number of testcases Failed : 0 
2025-06-06 00:12:13,950 Number of testcases Skipped  : 0 
2025-06-06 00:12:13,950 Mail sending toggel is set to false 
2025-06-06 00:12:13,950 Mail sent : false 
2025-06-06 00:12:13,950 ************************** Test Execution Finished ************************************ 
2025-06-06 00:30:30,727 ************************** Test Execution Started ************************************ 
2025-06-06 00:30:36,105 testAccountantInBrazil: Test started 
2025-06-06 00:30:36,106 testAccountantInBrazil : Test Skipped 
2025-06-06 00:30:36,107 testEngineerInCanada: Test started 
2025-06-06 00:30:36,107 testEngineerInCanada : Test Skipped 
2025-06-06 00:30:36,108 testSoftwareEngineerInJapan: Test started 
2025-06-06 00:30:36,108 testSoftwareEngineerInJapan : Test Skipped 
2025-06-06 00:30:36,330 Total number of testcases : 3 
2025-06-06 00:30:36,331 Number of testcases Passed : 0 
2025-06-06 00:30:36,331 Number of testcases Failed : 0 
2025-06-06 00:30:36,331 Number of testcases Skipped  : 3 
2025-06-06 00:30:36,331 ************************** Test Execution Finished ************************************ 
2025-06-06 00:34:59,645 ************************** Test Execution Started ************************************ 
2025-06-06 00:35:04,306 testAccountantInBrazil: Test started 
2025-06-06 00:35:04,394 testAccountantInBrazil : Test Skipped 
2025-06-06 00:35:04,395 testEngineerInCanada: Test started 
2025-06-06 00:35:04,396 testEngineerInCanada : Test Skipped 
2025-06-06 00:35:04,396 testSoftwareEngineerInJapan: Test started 
2025-06-06 00:35:04,396 testSoftwareEngineerInJapan : Test Skipped 
2025-06-06 00:35:04,643 Total number of testcases : 3 
2025-06-06 00:35:04,645 Number of testcases Passed : 0 
2025-06-06 00:35:04,645 Number of testcases Failed : 0 
2025-06-06 00:35:04,645 Number of testcases Skipped  : 3 
2025-06-06 00:35:04,645 ************************** Test Execution Finished ************************************ 
2025-06-06 00:39:02,339 ************************** Test Execution Started ************************************ 
2025-06-06 00:39:05,932 testAccountantInBrazil: Test started 
2025-06-06 00:39:05,934 testAccountantInBrazil : Test Skipped 
2025-06-06 00:39:05,937 testEngineerInCanada: Test started 
2025-06-06 00:39:05,939 testEngineerInCanada : Test Skipped 
2025-06-06 00:39:05,941 testSoftwareEngineerInJapan: Test started 
2025-06-06 00:39:05,942 testSoftwareEngineerInJapan : Test Skipped 
2025-06-06 00:39:06,182 Total number of testcases : 3 
2025-06-06 00:39:06,182 Number of testcases Passed : 0 
2025-06-06 00:39:06,182 Number of testcases Failed : 0 
2025-06-06 00:39:06,182 Number of testcases Skipped  : 3 
2025-06-06 00:39:06,182 ************************** Test Execution Finished ************************************ 
2025-06-06 00:44:34,905 ************************** Test Execution Started ************************************ 
2025-06-06 00:44:38,704 testAccountantInBrazil: Test started 
2025-06-06 00:45:16,162 testAccountantInBrazil : Test Passed 
2025-06-06 00:45:16,168 testEngineerInCanada: Test started 
2025-06-06 00:45:53,026 testEngineerInCanada : Test Passed 
2025-06-06 00:45:53,030 testSoftwareEngineerInJapan: Test started 
2025-06-06 00:46:30,141 testSoftwareEngineerInJapan : Test Passed 
2025-06-06 00:46:30,781 Total number of testcases : 3 
2025-06-06 00:46:30,781 Number of testcases Passed : 3 
2025-06-06 00:46:30,781 Number of testcases Failed : 0 
2025-06-06 00:46:30,781 Number of testcases Skipped  : 0 
2025-06-06 00:46:30,781 ************************** Test Execution Finished ************************************ 
2025-06-06 00:48:12,438 ************************** Test Execution Started ************************************ 
2025-06-06 00:48:16,114 testAccountantInBrazil: Test started 
2025-06-06 00:48:53,369 testAccountantInBrazil : Test Passed 
2025-06-06 00:48:53,509 testEngineerInCanada: Test started 
2025-06-06 00:49:30,160 testEngineerInCanada : Test Passed 
2025-06-06 00:49:30,267 testSoftwareEngineerInJapan: Test started 
2025-06-06 00:50:07,023 testSoftwareEngineerInJapan : Test Passed 
2025-06-06 00:50:07,772 Total number of testcases : 3 
2025-06-06 00:50:07,772 Number of testcases Passed : 3 
2025-06-06 00:50:07,772 Number of testcases Failed : 0 
2025-06-06 00:50:07,772 Number of testcases Skipped  : 0 
2025-06-06 00:50:07,772 ************************** Test Execution Finished ************************************ 
2025-06-06 00:53:12,615 ************************** Test Execution Started ************************************ 
2025-06-06 00:53:16,166 testAccountantInBrazil: Test started 
2025-06-06 00:53:56,514 testAccountantInBrazil : Test Passed 
2025-06-06 00:53:56,633 testEngineerInCanada: Test started 
2025-06-06 00:54:36,473 testEngineerInCanada : Test Passed 
2025-06-06 00:54:36,595 testSoftwareEngineerInJapan: Test started 
2025-06-06 00:55:16,658 testSoftwareEngineerInJapan : Test Passed 
2025-06-06 00:55:17,498 Total number of testcases : 3 
2025-06-06 00:55:17,498 Number of testcases Passed : 3 
2025-06-06 00:55:17,498 Number of testcases Failed : 0 
2025-06-06 00:55:17,498 Number of testcases Skipped  : 0 
2025-06-06 00:55:17,498 ************************** Test Execution Finished ************************************ 
2025-06-18 16:54:00,656 ************************** Test Execution Started ************************************ 
2025-06-18 16:54:13,831 testAccountantInBrazil: Test started 
2025-06-18 16:55:19,678 testAccountantInBrazil : Test Passed 
2025-06-18 16:55:19,683 testEngineerInCanada: Test started 
2025-06-18 16:56:10,444 testEngineerInCanada : Test Failed : Element is not displayed with xpath By.xpath: .//button[@type='submit'] expected [true] but found [false] 
2025-06-18 16:56:10,450 testSoftwareEngineerInJapan: Test started 
2025-06-18 16:56:41,222 testSoftwareEngineerInJapan : Test Failed : Element is not displayed with xpath By.xpath: .//*[@placeholder='Select a country'] expected [true] but found [false] 
2025-06-18 16:56:41,550 Total number of testcases : 3 
2025-06-18 16:56:41,550 Number of testcases Passed : 1 
2025-06-18 16:56:41,550 Number of testcases Failed : 2 
2025-06-18 16:56:41,550 Number of testcases Skipped  : 0 
2025-06-18 16:56:41,550 ************************** Test Execution Finished ************************************ 
2025-06-18 17:43:07,597 ************************** Test Execution Started ************************************ 
2025-06-18 17:43:19,081 testAccountantInBrazil: Test started 
2025-06-18 17:43:57,428 testAccountantInBrazil : Test Passed 
2025-06-18 17:43:57,556 testEngineerInCanada: Test started 
2025-06-18 17:44:23,053 testEngineerInCanada : Test Failed : Element is not displayed with xpath By.xpath: .//*[@placeholder='Select a country'] expected [true] but found [false] 
2025-06-18 17:44:23,185 testSoftwareEngineerInJapan: Test started 
2025-06-18 17:44:48,635 testSoftwareEngineerInJapan : Test Failed : Element is not displayed with xpath By.xpath: .//*[@placeholder='Select a country'] expected [true] but found [false] 
2025-06-18 17:44:48,778 validatedropdown: Test started 
2025-06-18 17:45:00,484 validatedropdown : Test Passed 
2025-06-18 17:45:00,996 Total number of testcases : 4 
2025-06-18 17:45:00,996 Number of testcases Passed : 2 
2025-06-18 17:45:00,996 Number of testcases Failed : 2 
2025-06-18 17:45:00,996 Number of testcases Skipped  : 0 
2025-06-18 17:45:00,996 ************************** Test Execution Finished ************************************ 
2025-06-18 17:55:56,776 ************************** Test Execution Started ************************************ 
2025-06-18 17:56:01,912 testAccountantInBrazil: Test started 
2025-06-18 17:56:40,319 testAccountantInBrazil : Test Passed 
2025-06-18 17:56:40,439 testEngineerInCanada: Test started 
2025-06-18 17:57:25,608 testEngineerInCanada : Test Failed : Element is not displayed with xpath By.xpath: .//button[@type='submit'] expected [true] but found [false] 
2025-06-18 17:57:25,746 testSoftwareEngineerInJapan: Test started 
2025-06-18 17:58:10,843 testSoftwareEngineerInJapan : Test Failed : Country 'Japan' not found in table: Senior Software Engineer compensation in Brazil expected [true] but found [false] 
2025-06-18 17:58:10,969 validatedropdown: Test started 
2025-06-18 17:58:22,702 validatedropdown : Test Passed 
2025-06-18 17:58:23,279 Total number of testcases : 4 
2025-06-18 17:58:23,279 Number of testcases Passed : 2 
2025-06-18 17:58:23,279 Number of testcases Failed : 2 
2025-06-18 17:58:23,279 Number of testcases Skipped  : 0 
2025-06-18 17:58:23,279 ************************** Test Execution Finished ************************************ 
2025-06-18 18:10:00,416 ************************** Test Execution Started ************************************ 
2025-06-18 18:10:05,629 testAccountantInBrazil: Test started 
2025-06-18 18:10:44,006 testAccountantInBrazil : Test Passed 
2025-06-18 18:10:44,133 testEngineerInCanada: Test started 
2025-06-18 18:11:22,103 testEngineerInCanada : Test Passed 
2025-06-18 18:11:22,225 testSoftwareEngineerInJapan: Test started 
2025-06-18 18:12:00,230 testSoftwareEngineerInJapan : Test Passed 
2025-06-18 18:12:00,350 validatedropdown: Test started 
2025-06-18 18:12:12,074 validatedropdown : Test Passed 
2025-06-18 18:12:12,600 Total number of testcases : 4 
2025-06-18 18:12:12,600 Number of testcases Passed : 4 
2025-06-18 18:12:12,600 Number of testcases Failed : 0 
2025-06-18 18:12:12,600 Number of testcases Skipped  : 0 
2025-06-18 18:12:12,600 ************************** Test Execution Finished ************************************ 
2025-06-18 19:25:14,693 ************************** Test Execution Started ************************************ 
2025-06-18 19:25:21,518 testAccountantInBrazil: Test started 
2025-06-18 19:25:59,915 testAccountantInBrazil : Test Passed 
2025-06-18 19:26:00,034 testEngineerInCanada: Test started 
2025-06-18 19:26:38,123 testEngineerInCanada : Test Passed 
2025-06-18 19:26:38,247 testSoftwareEngineerInJapan: Test started 
2025-06-18 19:27:16,563 testSoftwareEngineerInJapan : Test Passed 
2025-06-18 19:27:16,687 validatedropdown: Test started 
2025-06-18 19:27:28,418 validatedropdown : Test Passed 
2025-06-18 19:27:28,955 Total number of testcases : 4 
2025-06-18 19:27:28,956 Number of testcases Passed : 4 
2025-06-18 19:27:28,956 Number of testcases Failed : 0 
2025-06-18 19:27:28,956 Number of testcases Skipped  : 0 
2025-06-18 19:27:28,956 ************************** Test Execution Finished ************************************ 
2025-06-18 19:33:11,625 ************************** Test Execution Started ************************************ 
2025-06-18 19:33:19,733 testAccountantInBrazil: Test started 
2025-06-18 19:33:58,109 testAccountantInBrazil : Test Passed 
2025-06-18 19:33:58,229 validatedropdown: Test started 
2025-06-18 19:34:10,009 validatedropdown : Test Failed : Expected condition failed: waiting for visibility of element located by By.xpath: .//*[@role='listbox']//li (tried for 10 second(s) with 500 milliseconds interval) 
2025-06-18 19:34:10,459 Total number of testcases : 2 
2025-06-18 19:34:10,459 Number of testcases Passed : 1 
2025-06-18 19:34:10,459 Number of testcases Failed : 1 
2025-06-18 19:34:10,459 Number of testcases Skipped  : 0 
2025-06-18 19:34:10,459 ************************** Test Execution Finished ************************************ 
2025-06-19 10:42:46,170 ************************** Test Execution Started ************************************ 
2025-06-19 10:42:56,156 testAccountantInBrazil: Test started 
2025-06-19 10:43:34,650 testAccountantInBrazil : Test Passed 
2025-06-19 10:43:34,792 validatedropdown: Test started 
2025-06-19 10:43:37,091 validatedropdown : Test Passed 
2025-06-19 10:43:37,554 Total number of testcases : 2 
2025-06-19 10:43:37,554 Number of testcases Passed : 2 
2025-06-19 10:43:37,554 Number of testcases Failed : 0 
2025-06-19 10:43:37,554 Number of testcases Skipped  : 0 
2025-06-19 10:43:37,554 ************************** Test Execution Finished ************************************ 
2025-06-19 12:01:09,421 ************************** Test Execution Started ************************************ 
2025-06-19 12:01:19,643 testAccountantInBrazil: Test started 
2025-06-19 12:01:19,823 testAccountantInBrazil : Test Failed : null 
2025-06-19 12:01:19,826 validatedropdown: Test started 
2025-06-19 12:01:19,958 validatedropdown : Test Failed : null 
2025-06-19 12:01:20,274 Total number of testcases : 2 
2025-06-19 12:01:20,274 Number of testcases Passed : 0 
2025-06-19 12:01:20,274 Number of testcases Failed : 2 
2025-06-19 12:01:20,274 Number of testcases Skipped  : 0 
2025-06-19 12:01:20,274 ************************** Test Execution Finished ************************************ 
2025-06-19 12:03:14,389 ************************** Test Execution Started ************************************ 
2025-06-19 12:03:19,389 testAccountantInBrazil: Test started 
2025-06-19 12:03:19,451 testAccountantInBrazil : Test Failed : null 
2025-06-19 12:03:19,613 validatedropdown: Test started 
2025-06-19 12:03:19,613 validatedropdown : Test Failed : null 
2025-06-19 12:03:20,042 Total number of testcases : 2 
2025-06-19 12:03:20,042 Number of testcases Passed : 0 
2025-06-19 12:03:20,042 Number of testcases Failed : 2 
2025-06-19 12:03:20,042 Number of testcases Skipped  : 0 
2025-06-19 12:03:20,042 ************************** Test Execution Finished ************************************ 
2025-06-19 12:04:47,823 ************************** Test Execution Started ************************************ 
2025-06-19 12:04:52,597 testAccountantInBrazil: Test started 
2025-06-19 12:04:52,770 testAccountantInBrazil : Test Failed : null 
2025-06-19 12:04:52,773 validatedropdown: Test started 
2025-06-19 12:04:52,903 validatedropdown : Test Failed : null 
2025-06-19 12:04:53,196 Total number of testcases : 2 
2025-06-19 12:04:53,196 Number of testcases Passed : 0 
2025-06-19 12:04:53,196 Number of testcases Failed : 2 
2025-06-19 12:04:53,197 Number of testcases Skipped  : 0 
2025-06-19 12:04:53,197 ************************** Test Execution Finished ************************************ 
2025-06-19 12:08:41,129 ************************** Test Execution Started ************************************ 
2025-06-19 12:08:45,703 testAccountantInBrazil: Test started 
2025-06-19 12:08:45,890 testAccountantInBrazil : Test Failed : null 
2025-06-19 12:08:45,893 validatedropdown: Test started 
2025-06-19 12:08:46,043 validatedropdown : Test Failed : null 
2025-06-19 12:08:46,343 Total number of testcases : 2 
2025-06-19 12:08:46,343 Number of testcases Passed : 0 
2025-06-19 12:08:46,343 Number of testcases Failed : 2 
2025-06-19 12:08:46,343 Number of testcases Skipped  : 0 
2025-06-19 12:08:46,343 ************************** Test Execution Finished ************************************ 
2025-06-19 12:13:32,537 ************************** Test Execution Started ************************************ 
2025-06-19 12:13:37,060 testAccountantInBrazil: Test started 
2025-06-19 12:14:15,542 testAccountantInBrazil : Test Passed 
2025-06-19 12:14:15,548 validatedropdown: Test started 
2025-06-19 12:14:17,599 validatedropdown : Test Passed 
2025-06-19 12:14:17,889 Total number of testcases : 2 
2025-06-19 12:14:17,889 Number of testcases Passed : 2 
2025-06-19 12:14:17,889 Number of testcases Failed : 0 
2025-06-19 12:14:17,889 Number of testcases Skipped  : 0 
2025-06-19 12:14:17,889 ************************** Test Execution Finished ************************************ 
2025-06-19 13:02:38,089 ************************** Test Execution Started ************************************ 
2025-06-19 13:02:44,148 testAccountantInBrazil: Test started 
2025-06-19 13:03:22,834 testAccountantInBrazil : Test Passed 
2025-06-19 13:03:22,957 validatefilter: Test started 
2025-06-19 13:03:45,294 validatefilter : Test Failed : Element is not displayed with xpath By.xpath: (.//*[@data-qa='filter-bar']//button)[1] expected [true] but found [false] 
2025-06-19 13:03:45,789 Total number of testcases : 2 
2025-06-19 13:03:45,789 Number of testcases Passed : 1 
2025-06-19 13:03:45,789 Number of testcases Failed : 1 
2025-06-19 13:03:45,789 Number of testcases Skipped  : 0 
2025-06-19 13:03:45,789 ************************** Test Execution Finished ************************************ 
2025-06-19 13:07:09,767 ************************** Test Execution Started ************************************ 
2025-06-19 13:07:14,416 testAccountantInBrazil: Test started 
2025-06-19 13:07:52,857 testAccountantInBrazil : Test Passed 
2025-06-19 13:07:52,993 validatefilter: Test started 
2025-06-19 13:08:10,171 validatefilter : Test Failed : element click intercepted: Element is not clickable at point (442, 1004)
  (Session info: chrome=137.0.7151.119)
Build info: version: '3.141.59', revision: 'e82be7d358', time: '2018-11-14T08:17:03'
System info: host: 'SAIFUDHEENs-MacBook-Air.local', ip: 'fe80:0:0:0:872:bd36:c61d:8382%en0', os.name: 'Mac OS X', os.arch: 'aarch64', os.version: '15.5', java.version: '11.0.26'
Driver info: org.openqa.selenium.chrome.ChromeDriver
Capabilities {acceptInsecureCerts: false, browserName: chrome, browserVersion: 137.0.7151.119, chrome: {chromedriverVersion: 137.0.7151.119 (e0ac9d12dff..., userDataDir: /var/folders/3d/x4898hm545n...}, fedcm:accounts: true, goog:chromeOptions: {debuggerAddress: localhost:61864}, javascriptEnabled: true, networkConnectionEnabled: false, pageLoadStrategy: normal, platform: MAC, platformName: MAC, proxy: Proxy(), setWindowRect: true, strictFileInteractability: false, timeouts: {implicit: 0, pageLoad: 300000, script: 30000}, unhandledPromptBehavior: dismiss and notify, webauthn:extension:credBlob: true, webauthn:extension:largeBlob: true, webauthn:extension:minPinLength: true, webauthn:extension:prf: true, webauthn:virtualAuthenticators: true}
Session ID: e939b87519b36daee7feaabe6792026d 
2025-06-19 13:08:10,753 Total number of testcases : 2 
2025-06-19 13:08:10,753 Number of testcases Passed : 1 
2025-06-19 13:08:10,753 Number of testcases Failed : 1 
2025-06-19 13:08:10,753 Number of testcases Skipped  : 0 
2025-06-19 13:08:10,753 ************************** Test Execution Finished ************************************ 
2025-06-19 13:08:35,775 ************************** Test Execution Started ************************************ 
2025-06-19 13:08:39,822 testAccountantInBrazil: Test started 
2025-06-19 13:09:18,333 testAccountantInBrazil : Test Passed 
2025-06-19 13:09:18,460 validatefilter: Test started 
2025-06-19 13:09:40,758 validatefilter : Test Failed : Element is not displayed with xpath By.xpath: (.//*[@data-qa='filter-bar']//button)[1] expected [true] but found [false] 
2025-06-19 13:09:41,328 Total number of testcases : 2 
2025-06-19 13:09:41,328 Number of testcases Passed : 1 
2025-06-19 13:09:41,328 Number of testcases Failed : 1 
2025-06-19 13:09:41,328 Number of testcases Skipped  : 0 
2025-06-19 13:09:41,328 ************************** Test Execution Finished ************************************ 
2025-06-19 13:17:04,310 ************************** Test Execution Started ************************************ 
2025-06-19 13:17:09,145 testAccountantInBrazil: Test started 
2025-06-19 13:17:47,525 testAccountantInBrazil : Test Passed 
2025-06-19 13:17:47,644 validatefilter: Test started 
2025-06-19 13:18:20,494 validatefilter : Test Failed : Expected condition failed: waiting for visibility of element located by By.xpath: (.//*[@data-qa='filter-bar']//button)[1] (tried for 30 second(s) with 500 milliseconds interval) 
2025-06-19 13:18:20,967 Total number of testcases : 2 
2025-06-19 13:18:20,967 Number of testcases Passed : 1 
2025-06-19 13:18:20,967 Number of testcases Failed : 1 
2025-06-19 13:18:20,967 Number of testcases Skipped  : 0 
2025-06-19 13:18:20,967 ************************** Test Execution Finished ************************************ 
2025-06-19 13:20:02,422 ************************** Test Execution Started ************************************ 
2025-06-19 13:20:06,962 testAccountantInBrazil: Test started 
2025-06-19 13:20:45,291 testAccountantInBrazil : Test Passed 
2025-06-19 13:20:45,476 validatefilter: Test started 
2025-06-19 13:21:17,486 validatefilter : Test Failed : Expected condition failed: waiting for visibility of element located by By.xpath: ((//div[@data-qa='filter-bar']//button)[1] (tried for 30 second(s) with 500 milliseconds interval) 
2025-06-19 13:21:18,078 Total number of testcases : 2 
2025-06-19 13:21:18,078 Number of testcases Passed : 1 
2025-06-19 13:21:18,079 Number of testcases Failed : 1 
2025-06-19 13:21:18,079 Number of testcases Skipped  : 0 
2025-06-19 13:21:18,079 ************************** Test Execution Finished ************************************ 
2025-06-19 13:24:19,651 ************************** Test Execution Started ************************************ 
2025-06-19 13:24:24,572 testAccountantInBrazil: Test started 
2025-06-19 13:25:02,881 testAccountantInBrazil : Test Passed 
2025-06-19 13:25:03,003 validatefilter: Test started 
2025-06-19 13:25:35,805 validatefilter : Test Failed : Expected condition failed: waiting for visibility of element located by By.xpath: (//div[@data-qa='filter-bar']//button) (tried for 30 second(s) with 500 milliseconds interval) 
2025-06-19 13:25:36,272 Total number of testcases : 2 
2025-06-19 13:25:36,272 Number of testcases Passed : 1 
2025-06-19 13:25:36,272 Number of testcases Failed : 1 
2025-06-19 13:25:36,272 Number of testcases Skipped  : 0 
2025-06-19 13:25:36,272 ************************** Test Execution Finished ************************************ 
2025-06-19 13:26:28,727 ************************** Test Execution Started ************************************ 
2025-06-19 13:26:32,669 testAccountantInBrazil: Test started 
2025-06-19 13:27:11,014 testAccountantInBrazil : Test Passed 
2025-06-19 13:27:11,145 validatefilter: Test started 
2025-06-19 13:27:43,956 validatefilter : Test Failed : Expected condition failed: waiting for visibility of element located by By.xpath: //div[@data-qa='filter-bar']//button (tried for 30 second(s) with 500 milliseconds interval) 
2025-06-19 13:27:44,467 Total number of testcases : 2 
2025-06-19 13:27:44,467 Number of testcases Passed : 1 
2025-06-19 13:27:44,467 Number of testcases Failed : 1 
2025-06-19 13:27:44,467 Number of testcases Skipped  : 0 
2025-06-19 13:27:44,467 ************************** Test Execution Finished ************************************ 
2025-06-19 13:29:04,842 ************************** Test Execution Started ************************************ 
2025-06-19 13:29:09,424 testAccountantInBrazil: Test started 
2025-06-19 13:29:48,308 testAccountantInBrazil : Test Passed 
2025-06-19 13:29:48,403 validatefilter: Test started 
2025-06-19 13:30:41,441 validatefilter : Test Failed : Element is not displayed with xpath By.xpath: //input[@placeholder='Search'] expected [true] but found [false] 
2025-06-19 13:30:41,972 Total number of testcases : 2 
2025-06-19 13:30:41,972 Number of testcases Passed : 1 
2025-06-19 13:30:41,972 Number of testcases Failed : 1 
2025-06-19 13:30:41,972 Number of testcases Skipped  : 0 
2025-06-19 13:30:41,972 ************************** Test Execution Finished ************************************ 
2025-06-19 13:32:34,406 ************************** Test Execution Started ************************************ 
2025-06-19 13:32:38,643 testAccountantInBrazil: Test started 
2025-06-19 13:33:17,209 testAccountantInBrazil : Test Passed 
2025-06-19 13:33:17,326 validatefilter: Test started 
2025-06-19 13:33:30,143 validatefilter : Test Passed 
2025-06-19 13:33:31,301 Total number of testcases : 2 
2025-06-19 13:33:31,301 Number of testcases Passed : 2 
2025-06-19 13:33:31,301 Number of testcases Failed : 0 
2025-06-19 13:33:31,301 Number of testcases Skipped  : 0 
2025-06-19 13:33:31,301 ************************** Test Execution Finished ************************************ 
2025-06-19 15:07:26,726 ************************** Test Execution Started ************************************ 
2025-06-19 15:07:31,875 testAccountantInBrazil: Test started 
2025-06-19 15:08:10,351 testAccountantInBrazil : Test Passed 
2025-06-19 15:08:10,356 validatefilter: Test started 
2025-06-19 15:08:53,341 validatefilter : Test Failed : Expected condition failed: waiting for visibility of element located by By.xpath: //div[@data-qa='filter-bar']//button (tried for 30 second(s) with 500 milliseconds interval) 
2025-06-19 15:08:53,669 Total number of testcases : 2 
2025-06-19 15:08:53,669 Number of testcases Passed : 1 
2025-06-19 15:08:53,669 Number of testcases Failed : 1 
2025-06-19 15:08:53,669 Number of testcases Skipped  : 0 
2025-06-19 15:08:53,669 ************************** Test Execution Finished ************************************ 
2025-06-19 15:10:53,385 ************************** Test Execution Started ************************************ 
2025-06-19 15:10:58,179 testAccountantInBrazil: Test started 
2025-06-19 15:11:36,858 testAccountantInBrazil : Test Passed 
2025-06-19 15:11:36,987 validatefilter: Test started 
2025-06-19 15:12:30,239 validatefilter : Test Failed : Element is not displayed with xpath By.xpath: //input[@placeholder='Search'] expected [true] but found [false] 
2025-06-19 15:12:30,763 Total number of testcases : 2 
2025-06-19 15:12:30,763 Number of testcases Passed : 1 
2025-06-19 15:12:30,763 Number of testcases Failed : 1 
2025-06-19 15:12:30,763 Number of testcases Skipped  : 0 
2025-06-19 15:12:30,763 ************************** Test Execution Finished ************************************ 
2025-06-19 15:13:35,433 ************************** Test Execution Started ************************************ 
2025-06-19 15:13:39,542 testAccountantInBrazil: Test started 
2025-06-19 15:14:17,993 testAccountantInBrazil : Test Passed 
2025-06-19 15:14:18,136 validatefilter: Test started 
2025-06-19 15:14:31,310 validatefilter : Test Passed 
2025-06-19 15:14:31,817 Total number of testcases : 2 
2025-06-19 15:14:31,817 Number of testcases Passed : 2 
2025-06-19 15:14:31,817 Number of testcases Failed : 0 
2025-06-19 15:14:31,817 Number of testcases Skipped  : 0 
2025-06-19 15:14:31,817 ************************** Test Execution Finished ************************************ 
2025-06-19 15:15:20,589 ************************** Test Execution Started ************************************ 
2025-06-19 15:15:24,764 testAccountantInBrazil: Test started 
2025-06-19 15:16:03,493 testAccountantInBrazil : Test Passed 
2025-06-19 15:16:03,499 validatefilter: Test started 
2025-06-19 15:16:16,453 validatefilter : Test Passed 
2025-06-19 15:16:16,844 Total number of testcases : 2 
2025-06-19 15:16:16,845 Number of testcases Passed : 2 
2025-06-19 15:16:16,845 Number of testcases Failed : 0 
2025-06-19 15:16:16,845 Number of testcases Skipped  : 0 
2025-06-19 15:16:16,845 ************************** Test Execution Finished ************************************ 
2025-06-19 15:45:32,535 ************************** Test Execution Started ************************************ 
2025-06-19 15:45:37,749 testAccountantInBrazil: Test started 
